http://17173.tv.sohu.com/auto/sogou_movie_tvshow.xml	4
http://17173.tv.sohu.com/auto/sogou_movie_cartoon.xml	2
http://www.1905.com/api/xml/sougouvipvodadd.xml	3
http://www.1905.com/api/xml/sougouvipvodadddel.xml 5
http://res.cztv.com/sitemap/cztv/sougou2_2015.xml	4
http://d.kumi.cn/api/port/sogoulist/data/new.xml	2
http://v.61.com/xml/sogou/sogouvideosearch_update.xml	2
http://open.v.qq.com/xml/sogou_new/we_15.xml	4
http://eps.chinacloudapp.cn:8801/xmldoc/xiankan_video_sougou.xml	3
http://ayumi.bilibili.com/sogou/cartoon/sitemap/type/full.xml	2
http://d.kumi.cn/api/port/sogoumovie/data/index.xml	3
http://17173.tv.sohu.com/auto/sogou_movie_del.xml	5
http://v.ifeng.com/sitemap/video5/zhongyi_sougou_del.xml	5
http://svr.act.vip.kankan.com/sgIndex/getDeletedMovieList	5
http://res.cztv.com/sitemap/cztv/sougou2_del2015.xml	5
http://d.kumi.cn/api/port/sogoulist/data/del.xml	5
http://v.61.com/xml/sogou/sogouvideosearch_delete.xml	5
http://eps.chinacloudapp.cn:8801/xmldoc/xiankan_video_sougou_del.xml	5
http://v.ifeng.com/sitemap/sougou/del/column.xml	5
http://v.ifeng.com/sitemap/sougou/add/doc.xml	4
http://d.kumi.cn/api/port/sogoumovie/data/del.xml	5
http://sitemap.cntv.cn//xml/documentary/sogou/sogou_documentary_update_com.xml	1
http://open.v.qq.com/xml/sogou_new/doco_update.xml	1
http://www.mgtv.com/xml/sogou/pay/zongyi_add.xml	4
http://www.mgtv.com/xml/sogou/pay/dianshiju_add.xml	1
http://www.mgtv.com/xml/sogou/pay/dianying_add.xml	3
http://www.mgtv.com/xml/sogou/pay/cartoon_add.xml	2
http://www.mgtv.com/xml/sogou/zongyi_add.xml	4
http://www.mgtv.com/xml/sogou/dianshiju_add.xml	1
http://www.mgtv.com/xml/sogou/dianying_add.xml	3
http://www.mgtv.com/xml/sogou/cartoon_add.xml	2
http://www.mgtv.com/xml/sogou/delete.xml	5
http://api.datamap.youku.com/indexdata/show/update.php?pid=XMzY=&category=%E7%BA%AA%E5%BD%95%E7%89%87	4
http://api.datamap.youku.com/indexdata/show/update.php?pid=XNTM2&category=%E7%94%B5%E8%A7%86%E5%89%A7   1
http://api.datamap.youku.com/indexdata/show/update.php?pid=XNTM2&category=%E5%8A%A8%E6%BC%AB    2
http://api.datamap.youku.com/indexdata/show/update.php?pid=XNTM2&category=%E5%B0%91%E5%84%BF    2
http://api.datamap.youku.com/indexdata/show/update.php?pid=XNTM2&category=%E7%94%B5%E5%BD%B1    3
http://api.datamap.youku.com/indexdata/show/update.php?pid=XNTM2&category=%E7%BB%BC%E8%89%BA    4
http://api.datamap.youku.com/indexdata/show/update.php?pid=XNTM2&category=%E7%94%B5%E5%BD%B1&paid=paid  3
http://api.datamap.youku.com/indexdata/show/update.php?pid=XNTM2&category=%E5%8A%A8%E6%BC%AB&line=off   5
http://api.datamap.youku.com/indexdata/show/update.php?pid=XNTM2&category=%E7%BB%BC%E8%89%BA&line=off   5
http://api.datamap.youku.com/indexdata/show/update.php?pid=XNTM2&category=%E7%94%B5%E8%A7%86%E5%89%A7&line=off  5
http://api.datamap.youku.com/indexdata/show/update.php?pid=XNTM2&category=%E7%94%B5%E5%BD%B1&line=off   5
http://api.datamap.youku.com/indexdata/show/update.php?pid=XNTM2&category=%E7%94%B5%E5%BD%B1&paid=paid&line=off 5
http://api.datamap.youku.com/indexdata/show/update_del.php  5
http://api.wasu.cn/vod/sg/increment/type/pay	3
http://api.wasu.cn/Vod/Sg/increment/type/paytv  1
http://api.wasu.cn/vod/sg/increment/type/pay/status/del	5
http://api.wasu.cn/Vod/Sg/increment/type/paytv/status/del   5
http://api.wasu.cn/vod/sg/increment/type/del	5
http://hezuosogou.youxiangtv.com/cartoon.xml    2
http://hezuosogou.youxiangtv.com/movie.xml  3
http://hezuosogou.youxiangtv.com/teleplay.xml   1
http://hezuosogou.youxiangtv.com/tvshow.xml 4
http://sitemap.cctv.com/xml/documentary/sogou/sogou_documentary_delete_com.xml  5
http://www.pearvideo.com/partner/sogou/tvshow.jsp   4
https://www.huanxi.com/pushdata/sogou/movie.xml   3
http://bangumi.bilibili.com/web_ext/sogou/cartoon/inc.xml  2
http://bangumi.bilibili.com/web_ext/sogou/movie/inc.xml   3
http://bangumi.bilibili.com/web_ext/sogou/teleplay/inc.xml   1
http://www.1905.com/api/xml/sgys_column_add.xml 4
https://www.huanxi.com/pushdata/sogou/tv.xml 1
http://api-yksem.youku.com/indexdata/api/show/update?pid=XMTIwMA==&category=%E7%94%B5%E8%A7%86%E5%89%A7 1
http://api-yksem.youku.com/indexdata/api/show/update?pid=XMTIwMA==&category=%E7%BB%BC%E8%89%BA  4
http://api-yksem.youku.com/indexdata/api/show/update?pid=XMTIwMA==&category=%E5%8A%A8%E6%BC%AB 2
http://api-yksem.youku.com/indexdata/api/show/update?pid=XMTIwMA==&category=%E7%94%B5%E5%BD%B1 3
http://api-yksem.youku.com/indexdata/api/show/getDecrement?pid=XMTIwMA==&category=%E5%85%A8%E9%83%A8&hour=4 5
http://seo.hd.sohu.com/sitemap/sogou/tvshow.xml 4
http://api-yksem.youku.com/indexdata/api/show/update?pid=XMTE5Mg==&category=%E7%BA%AA%E5%BD%95%E7%89%87 6
http://api-yksem.youku.com/indexdata/api/show/update?pid=XMTE5Mg==&category=%E5%B0%91%E5%84%BF 7
http://api-yksem.youku.com/indexdata/api/show/update?pid=XMTE5Mg==&category=%E6%96%87%E5%8C%96 9
http://api-yksem.youku.com/indexdata/api/show/update?pid=XMTE5Mg==&category=%E6%95%99%E8%82%B2 6
http://api-yksem.youku.com/indexdata/api/show/update?pid=XMTE5Mg==&category=%E4%BD%93%E8%82%B2 6
http://api-yksem.youku.com/indexdata/api/show/update?pid=XMTE5Mg==&category=%E5%A8%B1%E4%B9%90 9
http://api-yksem.youku.com/indexdata/api/show/update?pid=XMTE5Mg==&category=%E6%B8%B8%E6%88%8F 6
http://api-yksem.youku.com/indexdata/api/show/getDecrement?pid=XMTE5Mg==&category=%E5%85%A8%E9%83%A8&hour=1 5
http://www.huanxi.com/pushdata/sogou/del.xml 5
http://www.ixigua.com/sitemap/index_sogou_lvideo_del.xml   5



http://www.fun.tv/attachment/editor/upload/open_xml/sogou_co_api/sogou_variety_update_1.xml	4
http://www.fun.tv/attachment/editor/upload/open_xml/sogou_co_api/sogou_movie_update_1.xml	3
http://www.fun.tv/attachment/editor/upload/open_xml/sogou_co_api/sogou_tv_update_1.xml	1
http://www.fun.tv/attachment/editor/upload/open_xml/sogou_co_api/sogou_tv_update_2.xml	1
http://www.fun.tv/attachment/editor/upload/open_xml/sogou_co_api/sogou_cartoon_update_1.xml	2
http://www.fun.tv/attachment/editor/upload/open_xml/sogou_co_api/sogou_cartoon_update_2.xml	2
http://www.1905.com/api/xml/sougou_vodfilm_listpage1.xml	3
http://open.v.qq.com/xml/sogou_new/movie_update.xml	3
http://open.v.qq.com/xml/sogou_new/tv_update.xml	1
http://open.v.qq.com/xml/sogou_new/variety_update.xml	4
http://open.v.qq.com/xml/sogou_new/cartoon_update.xml	2
http://open.v.qq.com/xml/sogou_new/pay_movie_update.xml	3
http://open.v.qq.com/xml/sogou_new/del.xml	5
http://spider.api.pptv.com:8888/open/sogousousuo/sogousousuo-movie-recent.xml	3
http://spider.api.pptv.com:8888/open/sogousousuo/sogousousuo-tv-recent.xml	1
http://spider.api.pptv.com:8888/open/sogousousuo/sogousousuo-cartoon-recent.xml	2
http://spider.api.pptv.com:8888/open/sogousousuo/sogousousuo-show-recent.xml	4
http://seo.hd.sohu.com/sitemap/sogou/film.xml	3
http://seo.hd.sohu.com/sitemap/sogou/drama1.xml	1
http://seo.hd.sohu.com/sitemap/sogou/pgc_video.xml	4
http://seo.hd.sohu.com/sitemap/sogou/variety.xml	4
http://seo.hd.sohu.com/sitemap/sogou/cartoon1.xml	2
http://seo.hd.sohu.com/sitemap/sogou/cartoon2.xml	2
http://sitemap.cntv.cn/xml/tv/sogou/sogou2_tv_update.xml	1
http://sitemap.cntv.cn/xml/tv/sogou/sogou2_tv_update_com.xml	1
http://sitemap.cntv.cn/xml/animation/sogou/sogou2_cartoon_update.xml	2
http://sitemap.cctv.com/xml/animation/sogou/sogou2_cartoon_update_com.xml	2
http://sitemap.cntv.cn/xml/animation/sogou/sogou2_cartoon_del.xml 	5
http://sitemap.cctv.com/xml/animation/sogou/sogou2_cartoon_delete_com.xml	5
http://sitemap.cntv.cn/xml/tv/sogou/sogou2_tv_del.xml	5
http://sitemap.cntv.cn/xml/sogou2_del.xml	5
http://sitemap.cntv.cn/xml/tv/sogou/sogou2_tv_del.xml	5
http://sitemap.cntv.cn/xml/tv/sogou/sogou2_tv_del_com.xml	5
http://sitemap.cntv.cn//cctv/tv_program/sogou2/cctv12_com_del.xml	5
http://sitemap.cntv.cn//cctv/tv_program/sogou2/cctv4_com_del.xml	5
http://sitemap.cntv.cn//cctv/tv_program/sogou2/cctv6_com_del.xml	5
http://sitemap.cntv.cn//cctv/tv_program/sogou2/eurocup_com_del.xml	5
http://sitemap.cntv.cn//cctv/tv_program/sogou2/cctv1_com_del.xml	5
http://sitemap.cntv.cn//cctv/tv_program/sogou2/cctv11_com_del.xml	5
http://sitemap.cntv.cn//cctv/tv_program/sogou2/cctv8_com_del.xml	5
http://sitemap.cntv.cn//cctv/tv_program/sogou2/cctv5_com_del.xml	5
http://sitemap.cntv.cn//cctv/tv_program/sogou2/cctv7_com_del.xml	5
http://sitemap.cntv.cn//cctv/tv_program/sogou2/cctv_children_com_del.xml	5
http://sitemap.cntv.cn//cctv/tv_program/sogou2/cctv10_com_del.xml	5
http://sitemap.cntv.cn//cctv/tv_program/sogou2/cctv3_com_del.xml	5
http://sitemap.cntv.cn//cctv/tv_program/sogou2/cctv2_com_del.xml	5
http://sitemap.cntv.cn//cctv/tv_program/sogou2/cctv_music_com_del.xml	5
http://sitemap.cntv.cn//cctv/tv_program/sogou2/cctv_news_com_del.xml	5
http://sitemap.cntv.cn//cctv/tv_program/sogou2/shanxi2.xml	4
http://sitemap.cntv.cn//cctv/tv_program/sogou2/gansu.xml	4
http://sitemap.cntv.cn//cctv/tv_program/sogou2/sichuan.xml	4
http://sitemap.cntv.cn//cctv/tv_program/sogou2/mingxingtonglehui.xml	4
http://sitemap.cntv.cn//cctv/tv_program/sogou2/shanxi.xml	4
http://sitemap.cntv.cn//cctv/tv_program/sogou2/xinjiang.xml	4
http://sitemap.cntv.cn//cctv/tv_program/sogou2/cctv4.xml	4
http://sitemap.cntv.cn//cctv/tv_program/sogou2/cctv_children.xml	4
http://sitemap.cntv.cn//cctv/tv_program/sogou2/beijing.xml	4
http://sitemap.cntv.cn//cctv/tv_program/sogou2/hebei.xml	4
http://sitemap.cntv.cn//cctv/tv_program/sogou2/qinghai.xml	4
http://sitemap.cntv.cn//cctv/tv_program/sogou2/cctv1.xml	4
http://sitemap.cntv.cn//cctv/tv_program/sogou2/cctv3.xml	4
http://sitemap.cntv.cn//cctv/tv_program/sogou2/heilongjiang.xml	4
http://sitemap.cntv.cn//cctv/tv_program/sogou2/cctv9.xml	4
http://sitemap.cntv.cn//cctv/tv_program/sogou2/guizhou.xml	4
http://sitemap.cntv.cn//cctv/tv_program/sogou2/jilin.xml	4
http://sitemap.cntv.cn//cctv/tv_program/sogou2/ningxia.xml	4
http://sitemap.cntv.cn//cctv/tv_program/sogou2/liaoning.xml	4
http://sitemap.cntv.cn//cctv/tv_program/sogou2/anhui.xml	4
http://sitemap.cntv.cn//cctv/tv_program/sogou2/xizang.xml	4
http://sitemap.cntv.cn//cctv/tv_program/sogou2/cctv_music.xml	4
http://sitemap.cntv.cn//cctv/tv_program/sogou2/cctv6.xml	4
http://sitemap.cntv.cn//cctv/tv_program/sogou2/neimenggu.xml	4
http://sitemap.cntv.cn//cctv/tv_program/sogou2/cctv5.xml	4
http://sitemap.cntv.cn//cctv/tv_program/sogou2/dongfang.xml	4
http://sitemap.cntv.cn//cctv/tv_program/sogou2/guangxi.xml	4
http://sitemap.cntv.cn//cctv/tv_program/sogou2/lvyou.xml	4
http://sitemap.cntv.cn//cctv/tv_program/sogou2/jiangxi.xml	4
http://sitemap.cntv.cn//cctv/tv_program/sogou2/cctv10.xml	4
http://sitemap.cntv.cn//cctv/tv_program/sogou2/cctv2.xml	4
http://sitemap.cntv.cn//cctv/tv_program/sogou2/yunnan.xml	4
http://sitemap.cntv.cn//cctv/tv_program/sogou2/shandong.xml	4
http://sitemap.cntv.cn//cctv/tv_program/sogou2/tianjin.xml	4
http://sitemap.cntv.cn//cctv/tv_program/sogou2/henan.xml	4
http://sitemap.cntv.cn//cctv/tv_program/sogou2/hubei.xml	4
http://sitemap.cntv.cn//cctv/tv_program/sogou2/chongqing.xml	4
http://sitemap.cntv.cn//cctv/tv_program/sogou2/guangdong.xml	4
http://sitemap.cntv.cn//cctv/tv_program/sogou2/dongnan.xml	4
http://sitemap.cntv.cn//cctv/tv_program/sogou2/cctv5_com.xml	4
http://sitemap.cntv.cn//cctv/tv_program/sogou2/cctv11_com.xml	4
http://sitemap.cntv.cn//cctv/tv_program/sogou2/cctv3_com.xml	4
http://sitemap.cntv.cn//cctv/tv_program/sogou2/cctv7_com.xml	4
http://sitemap.cntv.cn//cctv/tv_program/sogou2/cctv10_com.xml	4
http://sitemap.cntv.cn//cctv/tv_program/sogou2/cctv6_com.xml	4
http://sitemap.cntv.cn//cctv/tv_program/sogou2/cctv12_com.xml	4
http://sitemap.cntv.cn//cctv/tv_program/sogou2/cctv1_com.xml	4
http://sitemap.cntv.cn//cctv/tv_program/sogou2/cctv_children_com.xml	4
http://sitemap.cntv.cn//cctv/tv_program/sogou2/cctv_music_com.xml	4
http://sitemap.cntv.cn//cctv/tv_program/sogou2/cctv_news_com.xml	4
http://sitemap.cntv.cn//cctv/tv_program/sogou2/cctv8_com.xml	4
http://sitemap.cntv.cn//cctv/tv_program/sogou2/eurocup_com.xml	4
http://sitemap.cntv.cn//cctv/tv_program/sogou2/cctv4_com.xml	4
http://sitemap.cntv.cn//cctv/tv_program/sogou2/cctv2_com.xml	4
http://expand.video.iqiyi.com/sogou/search/comic/sogou_search_comic_add_01.xml	2
http://expand.video.iqiyi.com/sogou/search/movie/sogou_search_movie_add_01.xml	3
http://expand.video.iqiyi.com/sogou/search/movie/sogou_search_movie_add_02.xml	3
http://expand.video.iqiyi.com/sogou/search/movie/sogou_search_movie_add_03.xml	3
http://expand.video.iqiyi.com/sogou/search/movie/sogou_search_movie_add_04.xml	3
http://expand.video.iqiyi.com/sogou/search/movie/sogou_search_movie_add_05.xml	3
http://expand.video.iqiyi.com/sogou/search/movie/sogou_search_movie_add_06.xml	3
http://expand.video.iqiyi.com/sogou/search/movie/sogou_search_vipmovie_add_01.xml	3
http://expand.video.iqiyi.com/sogou/search/movie/sogou_search_vipmovie_add_02.xml	3
http://expand.video.iqiyi.com/sogou/search/movie/sogou_search_vipmovie_add_03.xml	3
http://expand.video.iqiyi.com/sogou/search/movie/sogou_search_vipmovie_add_04.xml	3
http://expand.video.iqiyi.com/sogou/search/movie/sogou_search_vipmovie_add_05.xml	3
http://expand.video.iqiyi.com/sogou/search/movie/sogou_search_vipmovie_del_01.xml	3
http://expand.video.iqiyi.com/sogou/search/movie/sogou_search_vipmovie_del_02.xml	3
http://expand.video.iqiyi.com/sogou/search/movie/sogou_search_vipmovie_del_03.xml	3
http://expand.video.iqiyi.com/sogou/search/movie/sogou_search_vipmovie_del_04.xml	3
http://expand.video.iqiyi.com/sogou/search/movie/sogou_search_vipmovie_del_05.xml	3
http://expand.video.iqiyi.com/sogou/search/movie/sogou_search_vipmovie_del_06.xml	3
http://expand.video.iqiyi.com/sogou/search/movie/sogou_search_vipmovie_del_07.xml	3
http://expand.video.iqiyi.com/sogou/search/movie/sogou_search_vipmovie_del_08.xml	3
http://expand.video.iqiyi.com/sogou/search/movie/sogou_search_vipmovie_del_09.xml	3
http://expand.video.iqiyi.com/sogou/search/tv/sogou_search_tv_add_01.xml	1
http://expand.video.iqiyi.com/sogou/search/tv/sogou_search_tv_add_02.xml	1
http://expand.video.iqiyi.com/sogou/search/tv/sogou_search_tv_add_03.xml	1
http://expand.video.iqiyi.com/sogou/search/variety/sogou_search_variety_add_01.xml	4
http://expand.video.iqiyi.com/sogou/search/variety/sogou_search_variety_add_02.xml	4
http://expand.video.iqiyi.com/sogou/search/variety/sogou_search_variety_add_03.xml	4
http://expand.video.iqiyi.com/sogou/search/variety/sogou_search_variety_add_04.xml	4
http://expand.video.iqiyi.com/sogou/search/variety/sogou_search_variety_add_05.xml	4
http://expand.video.iqiyi.com/sogou/search/variety/sogou_search_variety_add_06.xml	4
http://expand.video.iqiyi.com/sogou/search/variety/sogou_search_variety_add_07.xml	4
http://expand.video.iqiyi.com/sogou/search/variety/sogou_search_variety_add_08.xml	4
http://expand.video.iqiyi.com/sogou/search/variety/sogou_search_variety_add_09.xml	4
http://expand.video.iqiyi.com/sogou/kan/movie/sogou_movie_del_01.xml	5
http://expand.video.iqiyi.com/sogou/kan/movie/sogou_movie_del_02.xml	5
http://expand.video.iqiyi.com/sogou/kan/tv/sogou_tv_del_01.xml	5
http://expand.video.iqiyi.com/sogou/kan/tv/sogou_tv_del_02.xml	5
http://expand.video.iqiyi.com/sogou/kan/comic/sogou_comic_del_01.xml	5
http://expand.video.iqiyi.com/sogou/kan/variety/sogou_variety_del_01.xml	5
http://expand.video.iqiyi.com/sogou/kan/variety/sogou_variety_del_02.xml	5
http://expand.video.iqiyi.com/sogou/kan/variety/sogou_variety_del_03.xml	5
http://expand.video.iqiyi.com/sogou/kan/variety/sogou_variety_del_04.xml	5
http://expand.video.iqiyi.com/sogou/kan/variety/sogou_variety_del_05.xml	5
http://seo.hd.sohu.com/sitemap/sogou/film_fee.xml	3
http://svr.act.vip.kankan.com/sgIndex/getMovieInfoByMovieId?movieId=91330	3
http://svr.act.vip.kankan.com/sgIndex/getMovieInfoByMovieId?movieId=91344	3
http://svr.act.vip.kankan.com/sgIndex/getMovieInfoByMovieId?movieId=91360	3
http://svr.act.vip.kankan.com/sgIndex/getMovieInfoByMovieId?movieId=91370	3
http://svr.act.vip.kankan.com/sgIndex/getMovieInfoByMovieId?movieId=91418	3
http://svr.act.vip.kankan.com/sgIndex/getMovieInfoByMovieId?movieId=91102	3
http://svr.act.vip.kankan.com/sgIndex/getMovieInfoByMovieId?movieId=91120	3
http://svr.act.vip.kankan.com/sgIndex/getMovieInfoByMovieId?movieId=90487	3
http://svr.act.vip.kankan.com/sgIndex/getMovieInfoByMovieId?movieId=90620	3
http://svr.act.vip.kankan.com/sgIndex/getMovieInfoByMovieId?movieId=92024	3
http://svr.act.vip.kankan.com/sgIndex/getMovieInfoByMovieId?movieId=92179	3
http://svr.act.vip.kankan.com/sgIndex/getMovieInfoByMovieId?movieId=92238	3
http://svr.act.vip.kankan.com/sgIndex/getMovieInfoByMovieId?movieId=91778	3
http://svr.act.vip.kankan.com/sgIndex/getMovieInfoByMovieId?movieId=91770	3
http://svr.act.vip.kankan.com/sgIndex/getMovieInfoByMovieId?movieId=91857	3
http://svr.act.vip.kankan.com/sgIndex/getMovieInfoByMovieId?movieId=91985	3
http://svr.act.vip.kankan.com/sgIndex/getMovieInfoByMovieId?movieId=91945	3
http://svr.act.vip.kankan.com/sgIndex/getMovieInfoByMovieId?movieId=91959	3
http://svr.act.vip.kankan.com/sgIndex/getMovieInfoByMovieId?movieId=91545	3
http://svr.act.vip.kankan.com/sgIndex/getMovieInfoByMovieId?movieId=100748	3
http://svr.act.vip.kankan.com/sgIndex/getMovieInfoByMovieId?movieId=91557	3
http://svr.act.vip.kankan.com/sgIndex/getMovieInfoByMovieId?movieId=91563	3
http://svr.act.vip.kankan.com/sgIndex/getMovieInfoByMovieId?movieId=91742	3
http://svr.act.vip.kankan.com/sgIndex/getMovieInfoByMovieId?movieId=89331	3
http://svr.act.vip.kankan.com/sgIndex/getMovieInfoByMovieId?movieId=89329	3
http://svr.act.vip.kankan.com/sgIndex/getMovieInfoByMovieId?movieId=89371	3
http://svr.act.vip.kankan.com/sgIndex/getMovieInfoByMovieId?movieId=89372	3
http://svr.act.vip.kankan.com/sgIndex/getMovieInfoByMovieId?movieId=89373	3
http://svr.act.vip.kankan.com/sgIndex/getMovieInfoByMovieId?movieId=89189	3
http://svr.act.vip.kankan.com/sgIndex/getMovieInfoByMovieId?movieId=90222	3
http://svr.act.vip.kankan.com/sgIndex/getMovieInfoByMovieId?movieId=90091	3
http://svr.act.vip.kankan.com/sgIndex/getMovieInfoByMovieId?movieId=90084	3
http://svr.act.vip.kankan.com/sgIndex/getMovieInfoByMovieId?movieId=90117	3
http://svr.act.vip.kankan.com/sgIndex/getMovieInfoByMovieId?movieId=90131	3
http://svr.act.vip.kankan.com/sgIndex/getMovieInfoByMovieId?movieId=90204	3
http://svr.act.vip.kankan.com/sgIndex/getMovieInfoByMovieId?movieId=89856	3
http://svr.act.vip.kankan.com/sgIndex/getMovieInfoByMovieId?movieId=89855	3
http://svr.act.vip.kankan.com/sgIndex/getMovieInfoByMovieId?movieId=89929	3
http://svr.act.vip.kankan.com/sgIndex/getMovieInfoByMovieId?movieId=89805	3
http://svr.act.vip.kankan.com/sgIndex/getMovieInfoByMovieId?movieId=92903	3
http://svr.act.vip.kankan.com/sgIndex/getMovieInfoByMovieId?movieId=92842	3
http://svr.act.vip.kankan.com/sgIndex/getMovieInfoByMovieId?movieId=98825	3
http://api.kankan.com/sogou_unified/sogou_unified_movie_update.xml	3
http://api.kankan.com/sogou_unified/sogou_unified_teleplay_update.xml	1
http://api.kankan.com/sogou_unified/sogou_unified_anime_update.xml	2
http://api.kankan.com/sogou_unified/sogou_unified_tv_update.xml	4
http://seo.hd.56.com/56/sogou/film.xml	3
http://seo.hd.56.com/56/sogou/variety.xml	4
http://seo.hd.56.com/56/sogou/cartoon.xml	2
http://seo.hd.56.com/56/sogou/drama.xml	1
http://download.letv.com/apixml/xml_sogouvideo/sogou_updatetv_1.xml	1
http://download.letv.com/apixml/xml_sogouvideo/sogou_updatetv_2.xml	1
http://download.letv.com/apixml/xml_sogouvideo/sogou_updatetv_3.xml	1
http://download.letv.com/apixml/xml_sogouvideo/sogou_updatetv_4.xml	1
http://download.letv.com/apixml/xml_sogouvideo/sogou_updatetv_5.xml	1
http://download.letv.com/apixml/xml_sogouvideo/sogou_updatetv_6.xml	1
http://download.letv.com/apixml/xml_sogouvideo/sogou_updatetv_7.xml	1
http://download.letv.com/apixml/xml_sogouvideo/sogou_updatetv_8.xml	1
http://download.letv.com/apixml/xml_sogouvideo/sogou_updatetv_9.xml	1
http://download.letv.com/apixml/xml_sogouvideo/sogou_updatetv_10.xml	1
http://download.letv.com/apixml/xml_sogouvideo/sogou_updatetv_11.xml	1
http://download.letv.com/apixml/xml_sogouvideo/sogou_updatetv_12.xml	1
http://download.letv.com/apixml/xml_sogouvideo/sogou_updatetv_13.xml	1
http://download.letv.com/apixml/xml_sogouvideo/sogou_updatetv_14.xml	1
http://download.letv.com/apixml/xml_sogouvideo/sogou_updatetv_15.xml	1
http://download.letv.com/apixml/xml_sogouvideo/sogou_updatetv_16.xml	1
http://download.letv.com/apixml/xml_sogouvideo/sogou_updatetv_17.xml	1
http://download.letv.com/apixml/xml_sogouvideo/sogou_updatetv_18.xml	1
http://download.letv.com/apixml/xml_sogouvideo/sogou_updatetv_19.xml	1
http://download.letv.com/apixml/xml_sogouvideo/sogou_updatetv_20.xml	1
http://download.letv.com/apixml/xml_sogouvideo/sogou_updatetv_21.xml	1
http://download.letv.com/apixml/xml_sogouvideo/sogou_updatetv_22.xml	1
http://download.letv.com/apixml/xml_sogouvideo/sogou_updatetv_23.xml	1
http://download.letv.com/apixml/xml_sogouvideo/sogou_updatetv_24.xml	1
http://download.letv.com/apixml/xml_sogouvideo/sogou_updatetv_25.xml	1
http://download.letv.com/apixml/xml_sogouvideo/sogou_updatetv_26.xml	1
http://download.letv.com/apixml/xml_sogouvideo/sogou_updatetv_27.xml	1
http://download.letv.com/apixml/xml_sogouvideo/sogou_updatetv_28.xml	1
http://download.letv.com/apixml/xml_sogouvideo/sogou_updatetv_29.xml	1
http://download.letv.com/apixml/xml_sogouvideo/sogou_updatetv_30.xml	1
http://download.letv.com/apixml/xml_sogouvideo/sogou_updatetv_31.xml	1
http://download.letv.com/apixml/xml_sogouvideo/sogou_updatetv_32.xml	1
http://download.letv.com/apixml/xml_sogouvideo/sogou_updatetv_33.xml	1
http://download.letv.com/apixml/xml_sogouvideo/sogou_updatetv_34.xml	1
http://download.letv.com/apixml/xml_sogouvideo/sogou_updatetv_35.xml	1
http://download.letv.com/apixml/xml_sogouvideo/sogou_updatetv_36.xml	1
http://download.letv.com/apixml/xml_sogouvideo/sogou_updatetv_37.xml	1
http://download.letv.com/apixml/xml_sogouvideo/sogou_updatetv_38.xml	1
http://download.letv.com/apixml/xml_sogouvideo/sogou_updatetv_39.xml	1
http://download.letv.com/apixml/xml_sogouvideo/sogou_updatetv_40.xml	1
http://download.letv.com/apixml/xml_sogouvideo/sogou_updatetv_41.xml	1
http://download.letv.com/apixml/xml_sogouvideo/sogou_updatetv_42.xml	1
http://download.letv.com/apixml/xml_sogouvideo/sogou_updatefilm_1.xml	3
http://download.letv.com/apixml/xml_sogouvideo/sogou_updatefilm_2.xml	3
http://download.letv.com/apixml/xml_sogouvideo/sogou_updatefilm_3.xml	3
http://download.letv.com/apixml/xml_sogouvideo/sogou_updatefilm_4.xml	3
http://download.letv.com/apixml/xml_sogouvideo/sogou_updatefilm_5.xml	3
http://download.letv.com/apixml/xml_sogouvideo/sogou_updatefilm_6.xml	3
http://download.letv.com/apixml/xml_sogouvideo/sogou_updatefilm_7.xml	3
http://download.letv.com/apixml/xml_sogouvideo/sogou_updatefilm_8.xml	3
http://download.letv.com/apixml/xml_sogouvideo/sogou_updatefilm_9.xml	3
http://download.letv.com/apixml/xml_sogouvideo/sogou_updatefilm_10.xml	3
http://download.letv.com/apixml/xml_sogouvideo/sogou_updatefilm_11.xml	3
http://download.letv.com/apixml/xml_sogouvideo/sogou_updatefilm_12.xml	3
http://download.letv.com/apixml/xml_sogouvideo/sogou_updatefilm_13.xml	3
http://download.letv.com/apixml/xml_sogouvideo/sogou_updatefilm_14.xml	3
http://download.letv.com/apixml/xml_sogouvideo/sogou_updatefilm_15.xml	3
http://download.letv.com/apixml/xml_sogouvideo/sogou_updatefilm_16.xml	3
http://download.letv.com/apixml/xml_sogouvideo/sogou_updatefilm_17.xml	3
http://download.letv.com/apixml/xml_sogouvideo/sogou_updatefilm_18.xml	3
http://download.letv.com/apixml/xml_sogouvideo/sogou_updatefilm_19.xml	3
http://download.letv.com/apixml/xml_sogouvideo/sogou_updatefilm_20.xml	3
http://download.letv.com/apixml/xml_sogouvideo/sogou_updatefilm_21.xml	3
http://download.letv.com/apixml/xml_sogouvideo/sogou_updatefilm_22.xml	3
http://download.letv.com/apixml/xml_sogouvideo/sogou_updatefilm_23.xml	3
http://download.letv.com/apixml/xml_sogouvideo/sogou_updatefilm_24.xml	3
http://download.letv.com/apixml/xml_sogouvideo/sogou_updatefilm_25.xml	3
http://download.letv.com/apixml/xml_sogouvideo/sogou_updatefilm_26.xml	3
http://download.letv.com/apixml/xml_sogouvideo/sogou_updatefilm_27.xml	3
http://download.letv.com/apixml/xml_sogouvideo/sogou_updatefilm_28.xml	3
http://download.letv.com/apixml/xml_sogouvideo/sogou_updatefilm_29.xml	3
http://download.letv.com/apixml/xml_sogouvideo/sogou_updatefilm_30.xml	3
http://download.letv.com/apixml/xml_sogouvideo/sogou_updatefilm_31.xml	3
http://download.letv.com/apixml/xml_sogouvideo/sogou_updatefilm_32.xml	3
http://download.letv.com/apixml/xml_sogouvideo/sogou_updatefilm_33.xml	3
http://download.letv.com/apixml/xml_sogouvideo/sogou_updatefilm_34.xml	3
http://download.letv.com/apixml/xml_sogouvideo/sogou_updatefilm_35.xml	3
http://download.letv.com/apixml/xml_sogouvideo/sogou_updatefilm_36.xml	3
http://download.letv.com/apixml/xml_sogouvideo/sogou_updatefilm_37.xml	3
http://download.letv.com/apixml/xml_sogouvideo/sogou_updatefilm_38.xml	3
http://download.letv.com/apixml/xml_sogouvideo/sogou_updatefilm_39.xml	3
http://download.letv.com/apixml/xml_sogouvideo/sogou_updatefilm_40.xml	3
http://download.letv.com/apixml/xml_sogouvideo/sogou_updatefilm_41.xml	3
http://download.letv.com/apixml/xml_sogouvideo/sogou_updatefilm_42.xml	3
http://download.letv.com/apixml/xml_sogouvideo/sogou_updatecomic_1.xml	2
http://download.letv.com/apixml/xml_sogouvideo/sogou_updatecomic_2.xml	2
http://download.letv.com/apixml/xml_sogouvideo/sogou_updatecomic_3.xml	2
http://download.letv.com/apixml/xml_sogouvideo/sogou_updatecomic_4.xml	2
http://download.letv.com/apixml/xml_sogouvideo/sogou_updatecomic_5.xml	2
http://download.letv.com/apixml/xml_sogouvideo/sogou_updatecomic_6.xml	2
http://download.letv.com/apixml/xml_sogouvideo/sogou_updatecomic_7.xml	2
http://download.letv.com/apixml/xml_sogouvideo/sogou_updatecomic_8.xml	2
http://download.letv.com/apixml/xml_sogouvideo/sogou_updatecomic_9.xml	2
http://download.letv.com/apixml/xml_sogouvideo/sogou_updatecomic_10.xml	2
http://download.letv.com/apixml/xml_sogouvideo/sogou_updatecomic_11.xml	2
http://download.letv.com/apixml/xml_sogouvideo/sogou_updatecomic_12.xml	2
http://download.letv.com/apixml/xml_sogouvideo/sogou_updatecomic_13.xml	2
http://download.letv.com/apixml/xml_sogouvideo/sogou_updatecomic_14.xml	2
http://download.letv.com/apixml/xml_sogouvideo/sogou_updatecomic_15.xml	2
http://download.letv.com/apixml/xml_sogouvideo/sogou_updatecomic_16.xml	2
http://download.letv.com/apixml/xml_sogouvideo/sogou_updatecomic_17.xml	2
http://download.letv.com/apixml/xml_sogouvideo/sogou_updatecomic_18.xml	2
http://download.letv.com/apixml/xml_sogouvideo/sogou_updatecomic_19.xml	2
http://download.letv.com/apixml/xml_sogouvideo/sogou_updatecomic_20.xml	2
http://download.letv.com/apixml/xml_sogouvideo/sogou_updatecomic_21.xml	2
http://download.letv.com/apixml/xml_sogouvideo/sogou_updatecomic_22.xml	2
http://download.letv.com/apixml/xml_sogouvideo/sogou_updatecomic_23.xml	2
http://download.letv.com/apixml/xml_sogouvideo/sogou_updatecomic_24.xml	2
http://download.letv.com/apixml/xml_sogouvideo/sogou_updatecomic_25.xml	2
http://download.letv.com/apixml/xml_sogouvideo/sogou_updatecomic_26.xml	2
http://download.letv.com/apixml/xml_sogouvideo/sogou_updatecomic_27.xml	2
http://download.letv.com/apixml/xml_sogouvideo/sogou_updatecomic_28.xml	2
http://download.letv.com/apixml/xml_sogouvideo/sogou_updatecomic_29.xml	2
http://download.letv.com/apixml/xml_sogouvideo/sogou_updatecomic_30.xml	2
http://download.letv.com/apixml/xml_sogouvideo/sogou_updatecomic_31.xml	2
http://download.letv.com/apixml/xml_sogouvideo/sogou_updatecomic_32.xml	2
http://download.letv.com/apixml/xml_sogouvideo/sogou_updatecomic_33.xml	2
http://download.letv.com/apixml/xml_sogouvideo/sogou_updatecomic_34.xml	2
http://download.letv.com/apixml/xml_sogouvideo/sogou_updatecomic_35.xml	2
http://download.letv.com/apixml/xml_sogouvideo/sogou_updatecomic_36.xml	2
http://download.letv.com/apixml/xml_sogouvideo/sogou_updatecomic_37.xml	2
http://download.letv.com/apixml/xml_sogouvideo/sogou_updatecomic_38.xml	2
http://download.letv.com/apixml/xml_sogouvideo/sogou_updatecomic_39.xml	2
http://download.letv.com/apixml/xml_sogouvideo/sogou_updatecomic_40.xml	2
http://download.letv.com/apixml/xml_sogouvideo/sogou_updatecomic_41.xml	2
http://download.letv.com/apixml/xml_sogouvideo/sogou_updatecomic_42.xml	2
http://download.letv.com/apixml/xml_sogouvideo/sogou_updatecomic_43.xml	2
http://download.letv.com/apixml/xml_sogouvideo/sogou_updatecomic_44.xml	2
http://download.letv.com/apixml/xml_sogouvideo/sogou_updatecomic_45.xml	2
http://download.letv.com/apixml/xml_sogouvideo/sogou_updatecomic_46.xml	2
http://download.letv.com/apixml/xml_sogouvideo/sogou_updatecomic_47.xml	2
http://download.letv.com/apixml/xml_sogouvideo/sogou_updatecomic_48.xml	2
http://download.letv.com/apixml/xml_sogouvideo/sogou_updatecomic_49.xml	2
http://download.letv.com/apixml/xml_sogouvideo/sogou_updatecomic_50.xml	2
http://download.letv.com/apixml/xml_sogouvideo/sogou_updatecomic_51.xml	2
http://download.letv.com/apixml/xml_sogouvideo/sogou_updatezongyi_1.xml	4
http://download.letv.com/apixml/xml_sogouvideo/sogou_updatezongyi_2.xml	4
http://download.letv.com/apixml/xml_sogouvideo/sogou_updatezongyi_3.xml	4
http://download.letv.com/apixml/xml_sogouvideo/sogou_updatezongyi_4.xml	4
http://download.letv.com/apixml/xml_sogouvideo/sogou_updatezongyi_5.xml	4
http://download.letv.com/apixml/xml_sogouvideo/sogou_updatezongyi_6.xml	4
http://download.letv.com/apixml/xml_sogouvideo/sogou_updatezongyi_7.xml	4
http://download.letv.com/apixml/xml_sogouvideo/sogou_updatezongyi_8.xml	4
http://download.letv.com/apixml/xml_sogouvideo/sogou_updatezongyi_9.xml	4
http://download.letv.com/apixml/xml_sogouvideo/sogou_updatezongyi_10.xml	4
http://download.letv.com/apixml/xml_sogouvideo/sogou_updatezongyi_11.xml	4
http://download.letv.com/apixml/xml_sogouvideo/sogou_updatezongyi_12.xml	4
http://download.letv.com/apixml/xml_sogouvideo/sogou_updatezongyi_13.xml	4
http://download.letv.com/apixml/xml_sogouvideo/sogou_updatezongyi_14.xml	4
http://download.letv.com/apixml/xml_sogouvideo/sogou_updatezongyi_15.xml	4
http://download.letv.com/apixml/xml_sogouvideo/sogou_updatezongyi_16.xml	4
http://download.letv.com/apixml/xml_sogouvideo/sogou_updatezongyi_17.xml	4
http://download.letv.com/apixml/xml_sogouvideo/sogou_updatezongyi_18.xml	4
http://download.letv.com/apixml/xml_sogouvideo/sogou_updatezongyi_19.xml	4
http://download.letv.com/apixml/xml_sogouvideo/sogou_updatezongyi_20.xml	4
http://download.letv.com/apixml/xml_sogouvideo/sogou_updatezongyi_21.xml	4
http://download.letv.com/apixml/xml_sogouvideo/sogou_updatezongyi_22.xml	4
http://download.letv.com/apixml/xml_sogouvideo/sogou_updatezongyi_23.xml	4
http://download.letv.com/apixml/xml_sogouvideo/sogou_updatezongyi_24.xml	4
http://v.ifeng.com/sitemap/sougou/add/lghsqqq.xml	4
http://v.ifeng.com/sitemap/sougou/add/cjckdsj.xml	4
http://v.ifeng.com/sitemap/sougou/add/pao.xml	4
http://v.ifeng.com/sitemap/sougou/add/wodefuqinmuqindisiji.xml	4
http://v.ifeng.com/sitemap/sougou/add/wdfqmqdsj.xml	4
http://v.ifeng.com/sitemap/sougou/add/zf.xml	4
http://v.ifeng.com/sitemap/sougou/add/fhcjt.xml	4
http://v.ifeng.com/sitemap/sougou/add/fhfby.xml	4
http://v.ifeng.com/sitemap/sougou/add/jqzqy.xml	4
http://v.ifeng.com/sitemap/sougou/add/dgzq.xml	4
http://v.ifeng.com/sitemap/sougou/add/qqq.xml	4
http://v.ifeng.com/sitemap/sougou/add/byg.xml	4
http://v.ifeng.com/sitemap/sougou/add/jmqx.xml	4
http://v.ifeng.com/sitemap/sougou/add/dwdej.xml	4
http://v.ifeng.com/sitemap/sougou/add/cjckdej.xml	4
http://v.ifeng.com/sitemap/sougou/add/ljdej.xml	4
http://v.ifeng.com/sitemap/sougou/add/awrw.xml	4
http://v.ifeng.com/sitemap/sougou/add/xw.xml	4
http://v.ifeng.com/sitemap/sougou/add/sghzd4j.xml	4
http://v.ifeng.com/sitemap/sougou/add/qndsjb.xml	4
http://v.ifeng.com/sitemap/sougou/add/cffsx.xml	4
http://v.ifeng.com/sitemap/sougou/add/lcping.xml	4
http://v.ifeng.com/sitemap/sougou/add/dw.xml	4
http://v.ifeng.com/sitemap/sougou/add/yll.xml	4
http://v.ifeng.com/sitemap/sougou/add/cjck.xml	4
http://v.ifeng.com/sitemap/sougou/add/wo.xml	4
http://v.ifeng.com/sitemap/sougou/add/ng2012.xml	4
http://v.ifeng.com/sitemap/sougou/add/sghz.xml	4
http://v.ifeng.com/sitemap/sougou/add/yj.xml	4
http://v.ifeng.com/sitemap/sougou/add/sghzdej.xml	4
http://v.ifeng.com/sitemap/sougou/add/yxyls.xml	4
http://v.ifeng.com/sitemap/sougou/add/supermm.xml	4
http://v.ifeng.com/sitemap/sougou/add/wdfqmq.xml	4
http://v.ifeng.com/sitemap/sougou/add/yth.xml	4
http://v.ifeng.com/sitemap/sougou/add/sghzdsj.xml	4
http://v.ifeng.com/sitemap/sougou/add/jzyf.xml	4
http://v.ifeng.com/sitemap/sougou/add/hxsxd.xml	4
http://v.ifeng.com/sitemap/sougou/add/chqyh.xml	4
http://v.ifeng.com/sitemap/sougou/add/ylggs.xml	4
http://v.ifeng.com/sitemap/sougou/add/qq80h.xml	4
http://v.ifeng.com/sitemap/sougou/add/mdsjsgc.xml	4
http://v.ifeng.com/sitemap/sougou/add/fby.xml	4
http://v.ifeng.com/sitemap/sougou/add/txbf.xml	4
http://v.ifeng.com/sitemap/sougou/add/qqwhx.xml	4
http://v.ifeng.com/sitemap/sougou/add/ldxwc.xml	4
http://v.ifeng.com/sitemap/sougou/add/ldzbj.xml	4
http://v.ifeng.com/sitemap/sougou/add/jybd.xml	4
http://v.ifeng.com/sitemap/sougou/add/qmxdl.xml	4
http://v.ifeng.com/sitemap/sougou/add/ylsh.xml	4
http://v.ifeng.com/sitemap/sougou/add/fhkps.xml	4
http://v.ifeng.com/sitemap/sougou/add/ygtx.xml	4
http://v.ifeng.com/sitemap/sougou/add/dltj.xml	4
http://v.ifeng.com/sitemap/sougou/add/hwys.xml	4
http://v.ifeng.com/sitemap/sougou/add/tfyt.xml	4
http://v.ifeng.com/sitemap/sougou/add/wllzd.xml	4
http://v.ifeng.com/sitemap/sougou/add/wjddc.xml	4
http://v.ifeng.com/sitemap/sougou/add/xxdlw.xml	4
http://v.ifeng.com/sitemap/sougou/add/bxqj.xml	4
http://v.ifeng.com/sitemap/sougou/add/sczlwlx.xml	4
http://v.ifeng.com/sitemap/sougou/add/kt.xml	4
http://v.ifeng.com/sitemap/sougou/add/xwzgx.xml	4
http://v.ifeng.com/sitemap/sougou/add/zxgjf.xml	4
http://v.ifeng.com/sitemap/sougou/add/bbqhd.xml	4
http://v.ifeng.com/sitemap/sougou/add/wsdmx.xml	4
http://v.ifeng.com/sitemap/sougou/add/rmxf.xml	4
http://v.ifeng.com/sitemap/sougou/add/rsxdl.xml	4
http://v.ifeng.com/sitemap/sougou/add/yst.xml	4
http://v.ifeng.com/sitemap/sougou/add/sldbb.xml	4
http://v.ifeng.com/sitemap/sougou/add/njsqj.xml	4
http://v.ifeng.com/sitemap/sougou/add/ccz.xml	4
http://v.ifeng.com/sitemap/sougou/add/slyx.xml	4
http://v.ifeng.com/sitemap/sougou/add/cwzb2015.xml	4
http://v.ifeng.com/sitemap/sougou/add/cjgd.xml	4
http://v.ifeng.com/sitemap/sougou/add/jwcwm.xml	4
http://v.ifeng.com/sitemap/sougou/add/cjlyd.xml	4
http://v.ifeng.com/sitemap/sougou/add/hxzl.xml	4
http://v.ifeng.com/sitemap/sougou/add/dzbmqlx.xml	4
http://v.ifeng.com/sitemap/sougou/add/shda.xml	4
http://v.ifeng.com/sitemap/sougou/add/wmxh.xml	4
http://v.ifeng.com/sitemap/sougou/add/nbzdzg.xml	4
http://v.ifeng.com/sitemap/sougou/add/ltyy.xml	4
http://v.ifeng.com/sitemap/sougou/add/wzd.xml	4
http://v.ifeng.com/sitemap/sougou/add/rsjtj.xml	4
http://v.ifeng.com/sitemap/sougou/add/xdzgf.xml	4
http://v.ifeng.com/sitemap/sougou/add/dxkbj.xml	4
http://v.ifeng.com/sitemap/sougou/add/jdpst.xml	4
http://v.ifeng.com/sitemap/sougou/add/ssly.xml	4
http://v.ifeng.com/sitemap/sougou/add/tczd.xml	4
http://v.ifeng.com/sitemap/sougou/add/qjmgc.xml	4
http://v.ifeng.com/sitemap/sougou/add/tkec.xml	4
http://v.ifeng.com/sitemap/sougou/add/cyyx.xml	4
http://v.ifeng.com/sitemap/sougou/add/blty.xml	4
http://v.ifeng.com/sitemap/sougou/add/snblty.xml	4
http://v.ifeng.com/sitemap/sougou/add/rga.xml	4
http://v.ifeng.com/sitemap/sougou/add/yjx.xml	4
http://v.ifeng.com/sitemap/sougou/add/zgmk.xml	4
http://v.ifeng.com/sitemap/sougou/add/tzzh.xml	4
http://v.ifeng.com/sitemap/sougou/add/zhaml.xml	4
http://v.ifeng.com/sitemap/sougou/add/zgmxx.xml	4
http://v.ifeng.com/sitemap/sougou/add/wjymx.xml	4
http://v.ifeng.com/sitemap/sougou/add/sbtj.xml	4
http://v.ifeng.com/sitemap/sougou/add/jxsys.xml	4
http://v.ifeng.com/sitemap/sougou/add/zdjbl.xml	4
http://v.ifeng.com/sitemap/sougou/add/yljxf.xml	4
http://v.ifeng.com/sitemap/sougou/add/bgll.xml	4
http://v.ifeng.com/sitemap/sougou/add/jsrcdj.xml	4
http://v.ifeng.com/sitemap/sougou/add/ysnn.xml	4
http://v.ifeng.com/sitemap/sougou/add/sjzg1.xml	4
http://v.ifeng.com/sitemap/sougou/add/sjzg2.xml	4
http://v.ifeng.com/sitemap/sougou/add/gstx.xml	4
http://v.ifeng.com/sitemap/sougou/add/wwxjk.xml	4
http://v.ifeng.com/sitemap/sougou/add/qwbcg.xml	4
http://v.ifeng.com/sitemap/sougou/add/ylxzk.xml	4
http://v.ifeng.com/sitemap/sougou/add/cjfw.xml	4
http://v.ifeng.com/sitemap/sougou/add/mlxy.xml	4
http://v.ifeng.com/sitemap/sougou/add/nyyfx.xml	4
http://v.ifeng.com/sitemap/sougou/add/ccahh.xml	4
http://v.ifeng.com/sitemap/sougou/add/fcwm.xml	4
http://v.ifeng.com/sitemap/sougou/add/zhhsc.xml	4
http://v.ifeng.com/sitemap/sougou/add/razz.xml	4
http://v.ifeng.com/sitemap/sougou/add/zgxjx.xml	4
http://v.ifeng.com/sitemap/sougou/add/zgznl.xml	4
http://v.ifeng.com/sitemap/sougou/add/scmwd.xml	4
http://v.ifeng.com/sitemap/sougou/add/bb13c.xml	4
http://v.ifeng.com/sitemap/sougou/add/cczgr.xml	4
http://v.ifeng.com/sitemap/sougou/add/wawdzg.xml	4
http://v.ifeng.com/sitemap/sougou/add/shb.xml	4
http://v.ifeng.com/sitemap/sougou/add/zmjd.xml	4
http://v.ifeng.com/sitemap/sougou/add/sndlxjmx.xml	4
http://v.ifeng.com/sitemap/sougou/add/wdxysmx.xml	4
http://v.ifeng.com/sitemap/sougou/add/sznsfan.xml	4
http://v.ifeng.com/sitemap/sougou/add/rqms.xml	4
http://v.ifeng.com/sitemap/sougou/add/dsscl.xml	4
http://v.ifeng.com/sitemap/sougou/add/llgsj.xml	4
http://v.ifeng.com/sitemap/sougou/add/bbdyj.xml	4
http://v.ifeng.com/sitemap/sougou/add/jtymlx.xml	4
http://v.ifeng.com/sitemap/sougou/add/axhys.xml	4
http://v.ifeng.com/sitemap/sougou/add/qmxsj.xml	4
http://v.ifeng.com/sitemap/sougou/add/ssjj.xml	4
http://v.ifeng.com/sitemap/sougou/add/gchhl.xml	4
http://v.ifeng.com/sitemap/sougou/add/ysysh.xml	4
http://v.ifeng.com/sitemap/sougou/add/zgylbd.xml	4
http://v.ifeng.com/sitemap/sougou/add/xfcd.xml	4
http://v.ifeng.com/sitemap/sougou/add/qgdcp.xml	4
http://v.ifeng.com/sitemap/sougou/add/ylmgc.xml	4
http://v.ifeng.com/sitemap/sougou/add/hls.xml	4
http://v.ifeng.com/sitemap/sougou/add/zgsnp.xml	4
http://v.ifeng.com/sitemap/sougou/add/zx.xml	4
http://v.ifeng.com/sitemap/sougou/add/zazgz.xml	4
http://v.ifeng.com/sitemap/sougou/add/xfylg.xml	4
http://v.ifeng.com/sitemap/sougou/add/jksh.xml	4
http://v.ifeng.com/sitemap/sougou/add/yyfyb.xml	4
http://v.ifeng.com/sitemap/sougou/add/qxgy.xml	4
http://v.ifeng.com/sitemap/sougou/add/fsdby.xml	4
http://v.ifeng.com/sitemap/sougou/add/mlqjr.xml	4
http://v.ifeng.com/sitemap/sougou/add/zpblh.xml	4
http://v.ifeng.com/sitemap/sougou/add/lmtest.xml	4
http://v.ifeng.com/sitemap/sougou/add/mxtlh.xml	4
http://v.ifeng.com/sitemap/sougou/add/shmfs.xml	4
http://v.ifeng.com/sitemap/sougou/add/dwxw.xml	4
http://v.ifeng.com/sitemap/sougou/add/xfzmw.xml	4
http://v.ifeng.com/sitemap/sougou/add/yzbt.xml	4
http://v.ifeng.com/sitemap/sougou/add/jwwdj.xml	4
http://v.ifeng.com/sitemap/sougou/add/xdnrb.xml	4
http://v.ifeng.com/sitemap/sougou/add/wbsmx.xml	4
http://v.ifeng.com/sitemap/sougou/add/zjnzj.xml	4
http://v.ifeng.com/sitemap/sougou/add/yssaddfg.xml	4
http://v.ifeng.com/sitemap/sougou/add/fcsm.xml	4
http://v.ifeng.com/sitemap/sougou/add/ssdlz.xml	4
http://v.ifeng.com/sitemap/sougou/add/zgxty.xml	4
http://v.ifeng.com/sitemap/sougou/add/yhwrm.xml	4
http://v.ifeng.com/sitemap/sougou/add/cjysj.xml	4
http://v.ifeng.com/sitemap/sougou/add/yw.xml	4
http://v.ifeng.com/sitemap/sougou/add/txws.xml	4
http://v.ifeng.com/sitemap/sougou/add/jwtkx.xml	4
http://v.ifeng.com/sitemap/sougou/add/mxxdd.xml	4
http://v.ifeng.com/sitemap/sougou/add/jlwsjs.xml	4
http://v.ifeng.com/sitemap/sougou/add/lyc.xml	4
http://v.ifeng.com/sitemap/sougou/add/nzyc.xml	4
http://v.ifeng.com/sitemap/sougou/add/mmll.xml	4
http://v.ifeng.com/sitemap/sougou/add/wdzgm.xml	4
http://v.ifeng.com/sitemap/sougou/add/wawj.xml	4
http://v.ifeng.com/sitemap/sougou/add/zghgh.xml	4
http://v.ifeng.com/sitemap/sougou/add/zgmzs.xml	4
http://v.ifeng.com/sitemap/sougou/add/cndzmsg.xml	4
http://v.ifeng.com/sitemap/sougou/add/wlf.xml	4
http://v.ifeng.com/sitemap/sougou/add/lbxqc.xml	4
http://v.ifeng.com/sitemap/sougou/add/zgxll.xml	4
http://v.ifeng.com/sitemap/sougou/add/wwgk.xml	4
http://v.ifeng.com/sitemap/sougou/add/ysrs.xml	4
http://v.ifeng.com/sitemap/sougou/add/ndshx.xml	4
http://v.ifeng.com/sitemap/sougou/add/kjxfx.xml	4
http://v.ifeng.com/sitemap/sougou/add/jqhkt.xml	4
http://v.ifeng.com/sitemap/sougou/add/hbdjm.xml	4
http://v.ifeng.com/sitemap/sougou/add/apchy.xml	4
http://v.ifeng.com/sitemap/sougou/add/jqdyx.xml	4
http://v.ifeng.com/sitemap/sougou/add/xda.xml	4
http://v.ifeng.com/sitemap/sougou/add/tsfx.xml	4
http://v.ifeng.com/sitemap/sougou/add/jdcq.xml	4
http://v.ifeng.com/sitemap/sougou/add/zghsy.xml	4
http://v.ifeng.com/sitemap/sougou/add/zjkx.xml	4
http://v.ifeng.com/sitemap/sougou/add/ZLZW.xml	4
http://v.ifeng.com/sitemap/sougou/add/sdyz.xml	4
http://v.ifeng.com/sitemap/sougou/add/yzlbx.xml	4
http://v.ifeng.com/sitemap/sougou/add/wajgc.xml	4
http://v.ifeng.com/sitemap/sougou/add/aqbwz.xml	4
http://v.ifeng.com/sitemap/sougou/add/jyyx.xml	4
http://v.ifeng.com/sitemap/sougou/add/fnms.xml	4
http://v.ifeng.com/sitemap/sougou/add/kxll.xml	4
http://v.ifeng.com/sitemap/sougou/add/aqllk.xml	4
http://v.ifeng.com/sitemap/sougou/add/zlsbj.xml	4
http://v.ifeng.com/sitemap/sougou/add/MLAJH.xml	4
http://v.ifeng.com/sitemap/sougou/add/WZDQ.xml	4
http://v.ifeng.com/sitemap/sougou/add/DYSS.xml	4
http://v.ifeng.com/sitemap/sougou/add/YDYZDY.xml	4
http://v.ifeng.com/sitemap/sougou/add/DSFYS.xml	4
http://v.ifeng.com/sitemap/sougou/add/FCFQ.xml	4
http://v.ifeng.com/sitemap/sougou/add/KJ.xml	4
http://v.ifeng.com/sitemap/sougou/add/DDGC.xml	4
http://v.ifeng.com/sitemap/sougou/add/SSZG.xml	4
http://v.ifeng.com/sitemap/sougou/add/ZJXC.xml	4
http://v.ifeng.com/sitemap/sougou/add/JM.xml	4
http://v.ifeng.com/sitemap/sougou/add/CHL.xml	4
http://v.ifeng.com/sitemap/sougou/add/DLZG.xml	4
http://v.ifeng.com/sitemap/sougou/add/NSYX.xml	4
http://v.ifeng.com/sitemap/sougou/add/JDFT.xml	4
http://v.ifeng.com/sitemap/sougou/add/TW.xml	4
http://v.ifeng.com/sitemap/sougou/add/WGJGS.xml	4
http://v.ifeng.com/sitemap/sougou/add/JRYZ.xml	4
http://v.ifeng.com/sitemap/sougou/add/FCJJL.xml	4
http://v.ifeng.com/sitemap/sougou/add/jqzbj.xml	4
http://v.ifeng.com/sitemap/sougou/add/jdrwdl.xml	4
http://v.ifeng.com/sitemap/sougou/add/WMYHB.xml	4
http://v.ifeng.com/sitemap/sougou/add/hedd.xml	4
http://v.ifeng.com/sitemap/sougou/add/bskly.xml	4
http://v.ifeng.com/sitemap/sougou/add/ssxtx.xml	4
http://v.ifeng.com/sitemap/sougou/add/xz.xml	4
http://v.ifeng.com/sitemap/sougou/add/ynftl.xml	4
http://v.ifeng.com/sitemap/sougou/add/txnr.xml	4
http://v.ifeng.com/sitemap/sougou/add/lhhzd.xml	4
http://v.ifeng.com/sitemap/sougou/add/xylzx.xml	4
http://v.ifeng.com/sitemap/sougou/add/kfqt.xml	4
http://v.ifeng.com/sitemap/sougou/add/kdf.xml	4
http://v.ifeng.com/sitemap/sougou/add/dfyxw.xml	4
http://v.ifeng.com/sitemap/sougou/add/tyxw.xml	4
http://v.ifeng.com/sitemap/sougou/add/yyxc.xml	4
http://v.ifeng.com/sitemap/sougou/add/xsy.xml	4
http://v.ifeng.com/sitemap/sougou/add/tbgz.xml	4
http://v.ifeng.com/sitemap/sougou/add/mrwybb.xml	4
http://v.ifeng.com/sitemap/sougou/add/grzf.xml	4
http://v.ifeng.com/sitemap/sougou/add/ysfy.xml	4
http://v.ifeng.com/sitemap/sougou/add/xygs.xml	4
http://v.ifeng.com/sitemap/sougou/add/ttysq.xml	4
http://v.ifeng.com/sitemap/sougou/add/fzjxs.xml	4
http://v.ifeng.com/sitemap/sougou/add/jqjm.xml	4
http://v.ifeng.com/sitemap/sougou/add/dswgf.xml	4
http://v.ifeng.com/sitemap/sougou/add/kjl.xml	4
http://v.ifeng.com/sitemap/sougou/add/zhbsb.xml	4
http://v.ifeng.com/sitemap/sougou/add/tlzs.xml	4
http://v.ifeng.com/sitemap/sougou/add/cwzb.xml	4
http://v.ifeng.com/sitemap/sougou/add/wjdll.xml	4
http://v.ifeng.com/sitemap/sougou/add/ndx.xml	4
http://v.ifeng.com/sitemap/sougou/add/ylgbd.xml	4
http://v.ifeng.com/sitemap/sougou/add/hxxgx.xml	4
http://v.ifeng.com/sitemap/sougou/add/zafj.xml	4
http://v.ifeng.com/sitemap/sougou/add/hxwb.xml	4
http://v.ifeng.com/sitemap/sougou/add/hodsl.xml	4
http://v.ifeng.com/sitemap/sougou/add/yllft.xml	4
http://v.ifeng.com/sitemap/sougou/add/xflqm.xml	4
http://v.ifeng.com/sitemap/sougou/add/wpzf.xml	4
http://v.ifeng.com/sitemap/sougou/add/ssxw.xml	4
http://v.ifeng.com/sitemap/sougou/add/jszgd.xml	4
http://v.ifeng.com/sitemap/sougou/add/fmlx.xml	4
http://v.ifeng.com/sitemap/sougou/add/dpsrh.xml	4
http://v.ifeng.com/sitemap/sougou/add/dylj.xml	4
http://v.ifeng.com/sitemap/sougou/add/zbgat.xml	4
http://v.ifeng.com/sitemap/sougou/add/zw30f.xml	4
http://v.ifeng.com/sitemap/sougou/add/jsbd.xml	4
http://v.ifeng.com/sitemap/sougou/add/jsjs.xml	4
http://v.ifeng.com/sitemap/sougou/add/fwxgc.xml	4
http://v.ifeng.com/sitemap/sougou/add/jskj.xml	4
http://v.ifeng.com/sitemap/sougou/add/cjxwh.xml	4
http://v.ifeng.com/sitemap/sougou/add/tnfb.xml	4
http://v.ifeng.com/sitemap/sougou/add/slyqwc.xml	4
http://v.ifeng.com/sitemap/sougou/add/fd.xml	4
http://v.ifeng.com/sitemap/sougou/add/jiangshu.xml	4
http://v.ifeng.com/sitemap/sougou/add/txgsh.xml	4
http://v.ifeng.com/sitemap/sougou/add/zgjyz.xml	4
http://v.ifeng.com/sitemap/sougou/add/tglj.xml	4
http://v.ifeng.com/sitemap/sougou/add/22dgc.xml	4
http://v.ifeng.com/sitemap/sougou/add/zgcjbd.xml	4
http://v.ifeng.com/sitemap/sougou/add/bst.xml	4
http://v.ifeng.com/sitemap/sougou/add/dnxwy.xml	4
http://v.ifeng.com/sitemap/sougou/add/jjbxs.xml	4
http://v.ifeng.com/sitemap/sougou/add/mldf.xml	4
http://v.ifeng.com/sitemap/sougou/add/sstq.xml	4
http://v.ifeng.com/sitemap/video5/zhongyi_sougou_interval_0.xml	4
http://www.fun.tv/attachment/editor/upload/open_xml/sogou_co_api/sogou_media_update_del_1.xml	5
http://download.letv.com/apixml/xml_sogouvideo/sogou_del.xml	5
http://seo.hd.56.com/56/sogou/del.xml	5
http://www.1905.com/api/xml/sougou_del_list.xml	5
http://www.1905.com/api/xml/sougouvipvodadddel.xml	5
http://api.kankan.com/sogou_unified/sogou_unified_del.xml	5
http://seo.hd.sohu.com/sitemap/sogou/del.xml	5
http://bangumi.bilibili.com/web_ext/sogou/cartoon/del/1.xml	5
http://bangumi.bilibili.com/web_ext/sogou/cartoon/del/2.xml	5
http://bangumi.bilibili.com/web_ext/sogou/cartoon/del/3.xml	5
http://bangumi.bilibili.com/web_ext/sogou/cartoon/del/4.xml	5
http://bangumi.bilibili.com/web_ext/sogou/cartoon/del/5.xml	5
http://bangumi.bilibili.com/web_ext/sogou/cartoon/del/6.xml	5
http://bangumi.bilibili.com/web_ext/sogou/cartoon/del/7.xml	5
http://bangumi.bilibili.com/web_ext/sogou/cartoon/del/8.xml	5
http://bangumi.bilibili.com/web_ext/sogou/cartoon/del/9.xml	5
http://bangumi.bilibili.com/web_ext/sogou/cartoon/del/10.xml	5
http://bangumi.bilibili.com/web_ext/sogou/cartoon/del/11.xml	5
http://bangumi.bilibili.com/web_ext/sogou/cartoon/del/12.xml	5
http://bangumi.bilibili.com/web_ext/sogou/cartoon/del/13.xml	5
http://bangumi.bilibili.com/web_ext/sogou/cartoon/del/14.xml	5
http://bangumi.bilibili.com/web_ext/sogou/cartoon/del/15.xml	5
http://bangumi.bilibili.com/web_ext/sogou/cartoon/del/16.xml	5
http://bangumi.bilibili.com/web_ext/sogou/cartoon/del/17.xml	5
http://bangumi.bilibili.com/web_ext/sogou/cartoon/del/18.xml	5
http://bangumi.bilibili.com/web_ext/sogou/cartoon/del/19.xml	5
http://bangumi.bilibili.com/web_ext/sogou/cartoon/del/20.xml	5
http://bangumi.bilibili.com/web_ext/sogou/movie/del/1.xml	5
http://bangumi.bilibili.com/web_ext/sogou/movie/del/2.xml	5
http://bangumi.bilibili.com/web_ext/sogou/movie/del/3.xml	5
http://bangumi.bilibili.com/web_ext/sogou/movie/del/4.xml	5
http://bangumi.bilibili.com/web_ext/sogou/movie/del/5.xml	5
http://bangumi.bilibili.com/web_ext/sogou/movie/del/6.xml	5
http://bangumi.bilibili.com/web_ext/sogou/movie/del/7.xml	5
http://bangumi.bilibili.com/web_ext/sogou/movie/del/8.xml	5
http://bangumi.bilibili.com/web_ext/sogou/movie/del/9.xml	5
http://bangumi.bilibili.com/web_ext/sogou/teleplay/del/1.xml	5
http://bangumi.bilibili.com/web_ext/sogou/teleplay/del/2.xml	5
http://bangumi.bilibili.com/web_ext/sogou/teleplay/del/3.xml	5
http://bangumi.bilibili.com/web_ext/sogou/teleplay/del/4.xml	5
http://bangumi.bilibili.com/web_ext/sogou/teleplay/del/5.xml	5
http://bangumi.bilibili.com/web_ext/sogou/teleplay/del/6.xml	5
http://bangumi.bilibili.com/web_ext/sogou/teleplay/del/7.xml	5
http://bangumi.bilibili.com/web_ext/sogou/teleplay/del/8.xml	5
http://bangumi.bilibili.com/web_ext/sogou/teleplay/del/9.xml	5
http://bangumi.bilibili.com/web_ext/sogou/teleplay/del/10.xml	5
http://bangumi.bilibili.com/web_ext/sogou/teleplay/del/11.xml	5
http://bangumi.bilibili.com/web_ext/sogou/teleplay/del/12.xml	5
https://sf6-xgcdn-tos.pstatp.com/obj/ixigua-sitemap/lvideo_sogou_album_cartoon_2020-05-26_0.xml	2
https://sf1-xgcdn-tos.pstatp.com/obj/ixigua-sitemap/lvideo_sogou_album_cartoon_2020-05-26_1.xml	2
https://sf6-xgcdn-tos.pstatp.com/obj/ixigua-sitemap/lvideo_sogou_album_cartoon_2020-05-26_2.xml	2
https://sf3-xgcdn-tos.pstatp.com/obj/ixigua-sitemap/lvideo_sogou_album_cartoon_2020-05-26_3.xml	2
https://sf1-xgcdn-tos.pstatp.com/obj/ixigua-sitemap/lvideo_sogou_album_movie_2020-05-26_0.xml	3
https://sf1-xgcdn-tos.pstatp.com/obj/ixigua-sitemap/lvideo_sogou_album_movie_2020-05-26_1.xml	3
https://sf3-xgcdn-tos.pstatp.com/obj/ixigua-sitemap/lvideo_sogou_album_teleplay_2020-05-26_0.xml	1
https://sf6-xgcdn-tos.pstatp.com/obj/ixigua-sitemap/lvideo_sogou_album_teleplay_2020-05-26_1.xml	1
https://sf3-xgcdn-tos.pstatp.com/obj/ixigua-sitemap/lvideo_sogou_album_teleplay_2020-05-26_2.xml	1
https://sf6-xgcdn-tos.pstatp.com/obj/ixigua-sitemap/lvideo_sogou_album_teleplay_2020-05-26_3.xml	1
https://sf1-xgcdn-tos.pstatp.com/obj/ixigua-sitemap/lvideo_sogou_album_teleplay_2020-05-26_4.xml	1
https://sf6-xgcdn-tos.pstatp.com/obj/ixigua-sitemap/lvideo_sogou_album_teleplay_2020-05-26_5.xml	1
https://sf1-xgcdn-tos.pstatp.com/obj/ixigua-sitemap/lvideo_sogou_album_teleplay_2020-05-26_6.xml	1
https://sf6-xgcdn-tos.pstatp.com/obj/ixigua-sitemap/lvideo_sogou_album_teleplay_2020-05-26_7.xml	1
https://sf1-xgcdn-tos.pstatp.com/obj/ixigua-sitemap/lvideo_sogou_album_teleplay_2020-05-26_8.xml	1
https://sf6-xgcdn-tos.pstatp.com/obj/ixigua-sitemap/lvideo_sogou_album_teleplay_2020-05-26_9.xml	1
https://sf3-xgcdn-tos.pstatp.com/obj/ixigua-sitemap/lvideo_sogou_album_teleplay_2020-05-26_10.xml	1
https://sf3-xgcdn-tos.pstatp.com/obj/ixigua-sitemap/lvideo_sogou_album_tvshow_2020-05-26_0.xml	4
https://sf6-xgcdn-tos.pstatp.com/obj/ixigua-sitemap/lvideo_sogou_album_tvshow_2020-05-26_1.xml	4
